<?xml version="1.0" encoding="UTF-8"?>
<!-- Generated by org.testng.reporters.JUnitReportReporter -->
<testsuite name="com.Tricentis.qa.testdata.exampleTest" tests="1" time="58.665" ignored="0" failures="0" timestamp="22 Apr 2018 18:41:52 GMT" skipped="0" hostname="DESKTOP-Q39NDVJ" errors="0">
  <testcase name="EnterForm" time="58.665" classname="com.Tricentis.qa.testdata.exampleTest"/>
</testsuite> <!-- com.Tricentis.qa.testdata.exampleTest -->
