<?xml version="1.0" encoding="UTF-8"?>
<!-- Generated by org.testng.reporters.JUnitReportReporter -->
<testsuite name="d.NewTest" tests="1" time="19.921" ignored="0" failures="0" timestamp="16 Apr 2018 09:04:13 GMT" skipped="0" hostname="DESKTOP-Q39NDVJ" errors="0">
  <testcase name="f" time="19.921" classname="d.NewTest"/>
</testsuite> <!-- d.NewTest -->
